<?xml version="1.0" encoding="UTF-8"?>
<testng-results skipped="0" failed="0" total="1" passed="1">
  <reporter-output>
  </reporter-output>
  <suite name="Default suite" duration-ms="6837" started-at="2018-02-13T07:13:25Z" finished-at="2018-02-13T07:13:31Z">
    <groups>
    </groups>
    <test name="Default test" duration-ms="6837" started-at="2018-02-13T07:13:25Z" finished-at="2018-02-13T07:13:31Z">
      <class name="haikujamTesting.haikujam.LoginApiTest">
        <test-method status="PASS" signature="Login()[pri:0, instance:haikujamTesting.haikujam.LoginApiTest@204f30ec]" name="Login" duration-ms="6822" started-at="2018-02-13T12:43:25Z" finished-at="2018-02-13T12:43:31Z">
          <reporter-output>
          </reporter-output>
        </test-method> <!-- Login -->
      </class> <!-- haikujamTesting.haikujam.LoginApiTest -->
    </test> <!-- Default test -->
  </suite> <!-- Default suite -->
</testng-results>
